<?xml version="1.0" encoding="UTF-8"?>
<!-- Generated by org.testng.reporters.JUnitReportReporter -->
<testsuite hostname="Macbooks-MacBook-Pro.local" failures="0" tests="3" name="tests.LoginTests" time="47.699" errors="0" timestamp="2025-07-15T16:20:31 ICT" skipped="0">
  <testcase classname="tests.LoginTests" name="testValidLogin" time="12.449"/>
  <testcase classname="tests.LoginTests" name="testValidate" time="17.507"/>
  <testcase classname="tests.LoginTests" name="testInvalidPhoneNumber" time="17.743"/>
</testsuite> <!-- tests.LoginTests -->
