<?xml version="1.0" encoding="UTF-8"?>
<!-- Generated by org.testng.reporters.JUnitReportReporter -->
<testsuite hostname="Macbooks-MacBook-Pro.local" failures="0" tests="3" name="tests.LoginTests" time="40.037" errors="0" timestamp="2025-07-15T13:38:51 ICT" skipped="0">
  <testcase classname="tests.LoginTests" name="testValidLogin" time="8.715"/>
  <testcase classname="tests.LoginTests" name="testValidate" time="17.140"/>
  <testcase classname="tests.LoginTests" name="testInvalidPhoneNumber" time="14.182"/>
</testsuite> <!-- tests.LoginTests -->
