<?xml version="1.0" encoding="UTF-8"?>
<!-- Generated by org.testng.reporters.JUnitReportReporter -->
<testsuite hostname="Macbooks-MacBook-Pro.local" failures="0" tests="3" name="tests.LoginTests" time="43.866" errors="0" timestamp="2025-07-15T16:16:31 ICT" skipped="0">
  <testcase classname="tests.LoginTests" name="testInvalidPhoneNumber" time="12.445"/>
  <testcase classname="tests.LoginTests" name="testValidLogin" time="12.711"/>
  <testcase classname="tests.LoginTests" name="testValidate" time="18.710"/>
</testsuite> <!-- tests.LoginTests -->
