<?xml version="1.0" encoding="UTF-8"?>
<!-- Generated by org.testng.reporters.JUnitReportReporter -->
<testsuite hostname="Macbooks-MacBook-Pro.local" failures="0" tests="2" name="tests.LoginTests" time="30.463" errors="0" timestamp="2025-07-15T15:38:18 ICT" skipped="0">
  <testcase classname="tests.LoginTests" name="testValidLogin" time="13.484"/>
  <testcase classname="tests.LoginTests" name="testValidate" time="16.979"/>
</testsuite> <!-- tests.LoginTests -->
